<?xml version="1.0" encoding="UTF-8"?>
<!-- Generated by org.testng.reporters.JUnitXMLReporter -->
<testsuite ignored="0" hostname="LTIN511361" failures="1" tests="2" name="Test" time="77.071" errors="0" timestamp="2024-04-22T22:17:42 IST">
  <testcase classname="testCases.TC_UserDetailss" name="userDetails" time="20.228">
    <failure type="java.lang.AssertionError" message="null">
      <![CDATA[java.lang.AssertionError: null
at testCases.TC_UserDetailss.userDetails(TC_UserDetailss.java:35)
at java.base/java.util.ArrayList.forEach(ArrayList.java:1511)
... Removed 29 stack frames]]>
    </failure>
  </testcase> <!-- userDetails -->
  <testcase classname="testCases.TC_NewsValidation" name="newsValid" time="5.106"/>
</testsuite> <!-- Test -->
