<?xml version="1.0" encoding="UTF-8"?>
<!-- Generated by org.testng.reporters.JUnitXMLReporter -->
<testsuite ignored="0" hostname="LTIN511361" failures="0" tests="8" name="Test1" time="376.542" errors="0" timestamp="2024-03-30T12:47:11 IST">
  <testcase classname="testCases.TC_UserDetailss" name="userDetails" time="20.685"/>
  <testcase classname="testCases.TC_NewsValidation" name="newsValid" time="5.305"/>
  <testcase classname="testCases.TC_NewsTooltipValidation" name="TT" time="2.509"/>
  <testcase classname="testCases.TC_News_Data" name="newsValid" time="17.491"/>
  <testcase classname="testCases.TC_AssociateDetails" name="Details" time="56.754"/>
  <testcase classname="testCases.TC_Share" name="shareButton" time="58.153"/>
  <testcase classname="testCases.TC_HyperLinks" name="Links" time="47.191"/>
  <testcase classname="testCases.TC_likeAndViews" name="likesandviews" time="89.969"/>
</testsuite> <!-- Test1 -->
